<?xml version="1.0" encoding="UTF-8"?>
<coverage generated="1663606235997" clover="3.2.0">
  <project timestamp="1663606235997" name="All files">
    <metrics statements="35" coveredstatements="18" conditionals="12" coveredconditionals="6" methods="13" coveredmethods="7" elements="60" coveredelements="31" complexity="0" loc="35" ncloc="35" packages="2" files="4" classes="4"/>
    <package name="src">
      <metrics statements="12" coveredstatements="1" conditionals="4" coveredconditionals="0" methods="3" coveredmethods="1"/>
      <file name="App.js" path="C:\Users\idree\Desktop\Projects\personal\currency-converter\frontend\src\App.js">
        <metrics statements="1" coveredstatements="1" conditionals="0" coveredconditionals="0" methods="1" coveredmethods="1"/>
        <line num="7" count="3" type="stmt"/>
      </file>
      <file name="index.js" path="C:\Users\idree\Desktop\Projects\personal\currency-converter\frontend\src\index.js">
        <metrics statements="3" coveredstatements="0" conditionals="0" coveredconditionals="0" methods="0" coveredmethods="0"/>
        <line num="7" count="0" type="stmt"/>
        <line num="8" count="0" type="stmt"/>
        <line num="17" count="0" type="stmt"/>
      </file>
      <file name="reportWebVitals.js" path="C:\Users\idree\Desktop\Projects\personal\currency-converter\frontend\src\reportWebVitals.js">
        <metrics statements="8" coveredstatements="0" conditionals="4" coveredconditionals="0" methods="2" coveredmethods="0"/>
        <line num="1" count="0" type="stmt"/>
        <line num="2" count="0" type="cond" truecount="0" falsecount="4"/>
        <line num="3" count="0" type="stmt"/>
        <line num="4" count="0" type="stmt"/>
        <line num="5" count="0" type="stmt"/>
        <line num="6" count="0" type="stmt"/>
        <line num="7" count="0" type="stmt"/>
        <line num="8" count="0" type="stmt"/>
      </file>
    </package>
    <package name="src.pages">
      <metrics statements="23" coveredstatements="17" conditionals="8" coveredconditionals="6" methods="10" coveredmethods="6"/>
      <file name="homePage.jsx" path="C:\Users\idree\Desktop\Projects\personal\currency-converter\frontend\src\pages\homePage.jsx">
        <metrics statements="23" coveredstatements="17" conditionals="8" coveredconditionals="6" methods="10" coveredmethods="6"/>
        <line num="7" count="2" type="stmt"/>
        <line num="8" count="5" type="stmt"/>
        <line num="9" count="5" type="stmt"/>
        <line num="10" count="5" type="stmt"/>
        <line num="11" count="5" type="stmt"/>
        <line num="12" count="5" type="stmt"/>
        <line num="14" count="5" type="stmt"/>
        <line num="184" count="5" type="stmt"/>
        <line num="186" count="3" type="stmt"/>
        <line num="191" count="0" type="stmt"/>
        <line num="194" count="0" type="stmt"/>
        <line num="198" count="5" type="stmt"/>
        <line num="199" count="1" type="stmt"/>
        <line num="200" count="167" type="cond" truecount="2" falsecount="0"/>
        <line num="201" count="1" type="stmt"/>
        <line num="223" count="5" type="stmt"/>
        <line num="243" count="1" type="stmt"/>
        <line num="244" count="1" type="stmt"/>
        <line num="284" count="0" type="stmt"/>
        <line num="285" count="0" type="stmt"/>
        <line num="290" count="0" type="cond" truecount="0" falsecount="2"/>
        <line num="291" count="0" type="stmt"/>
        <line num="307" count="1" type="stmt"/>
      </file>
    </package>
  </project>
</coverage>
