{"C:\\Users\\idree\\Desktop\\Projects\\personal\\currency-converter\\frontend\\src\\App.js": {"path":"C:\\Users\\idree\\Desktop\\Projects\\personal\\currency-converter\\frontend\\src\\App.js","statementMap":{"0":{"start":{"line":7,"column":2},"end":{"line":11,"column":4}}},"fnMap":{"0":{"name":"App","decl":{"start":{"line":6,"column":9},"end":{"line":6,"column":12}},"loc":{"start":{"line":6,"column":15},"end":{"line":12,"column":1}},"line":6}},"branchMap":{},"s":{"0":3},"f":{"0":3},"b":{},"_coverageSchema":"1a1c01bbd47fc00a2c39e90264f33305004495a9","hash":"a456641f08e6a55e2c1e64efa4353d623a56def5"}
,"C:\\Users\\idree\\Desktop\\Projects\\personal\\currency-converter\\frontend\\src\\index.js": {"path":"C:\\Users\\idree\\Desktop\\Projects\\personal\\currency-converter\\frontend\\src\\index.js","statementMap":{"0":{"start":{"line":7,"column":13},"end":{"line":7,"column":65}},"1":{"start":{"line":8,"column":0},"end":{"line":12,"column":2}},"2":{"start":{"line":17,"column":0},"end":{"line":17,"column":18}}},"fnMap":{},"branchMap":{},"s":{"0":0,"1":0,"2":0},"f":{},"b":{}}
,"C:\\Users\\idree\\Desktop\\Projects\\personal\\currency-converter\\frontend\\src\\reportWebVitals.js": {"path":"C:\\Users\\idree\\Desktop\\Projects\\personal\\currency-converter\\frontend\\src\\reportWebVitals.js","statementMap":{"0":{"start":{"line":1,"column":24},"end":{"line":11,"column":1}},"1":{"start":{"line":2,"column":2},"end":{"line":10,"column":3}},"2":{"start":{"line":3,"column":4},"end":{"line":9,"column":7}},"3":{"start":{"line":4,"column":6},"end":{"line":4,"column":26}},"4":{"start":{"line":5,"column":6},"end":{"line":5,"column":26}},"5":{"start":{"line":6,"column":6},"end":{"line":6,"column":26}},"6":{"start":{"line":7,"column":6},"end":{"line":7,"column":26}},"7":{"start":{"line":8,"column":6},"end":{"line":8,"column":27}}},"fnMap":{"0":{"name":"(anonymous_0)","decl":{"start":{"line":1,"column":24},"end":{"line":1,"column":25}},"loc":{"start":{"line":1,"column":41},"end":{"line":11,"column":1}},"line":1},"1":{"name":"(anonymous_1)","decl":{"start":{"line":3,"column":30},"end":{"line":3,"column":31}},"loc":{"start":{"line":3,"column":79},"end":{"line":9,"column":5}},"line":3}},"branchMap":{"0":{"loc":{"start":{"line":2,"column":2},"end":{"line":10,"column":3}},"type":"if","locations":[{"start":{"line":2,"column":2},"end":{"line":10,"column":3}},{"start":{},"end":{}}],"line":2},"1":{"loc":{"start":{"line":2,"column":6},"end":{"line":2,"column":52}},"type":"binary-expr","locations":[{"start":{"line":2,"column":6},"end":{"line":2,"column":17}},{"start":{"line":2,"column":21},"end":{"line":2,"column":52}}],"line":2}},"s":{"0":0,"1":0,"2":0,"3":0,"4":0,"5":0,"6":0,"7":0},"f":{"0":0,"1":0},"b":{"0":[0,0],"1":[0,0]}}
,"C:\\Users\\idree\\Desktop\\Projects\\personal\\currency-converter\\frontend\\src\\pages\\homePage.jsx": {"path":"C:\\Users\\idree\\Desktop\\Projects\\personal\\currency-converter\\frontend\\src\\pages\\homePage.jsx","statementMap":{"0":{"start":{"line":7,"column":17},"end":{"line":326,"column":1}},"1":{"start":{"line":8,"column":30},"end":{"line":8,"column":42}},"2":{"start":{"line":9,"column":44},"end":{"line":9,"column":56}},"3":{"start":{"line":10,"column":50},"end":{"line":10,"column":65}},"4":{"start":{"line":11,"column":36},"end":{"line":11,"column":48}},"5":{"start":{"line":12,"column":28},"end":{"line":12,"column":40}},"6":{"start":{"line":14,"column":22},"end":{"line":182,"column":3}},"7":{"start":{"line":184,"column":2},"end":{"line":196,"column":9}},"8":{"start":{"line":186,"column":4},"end":{"line":195,"column":9}},"9":{"start":{"line":191,"column":8},"end":{"line":191,"column":35}},"10":{"start":{"line":194,"column":8},"end":{"line":194,"column":25}},"11":{"start":{"line":198,"column":18},"end":{"line":221,"column":3}},"12":{"start":{"line":199,"column":4},"end":{"line":203,"column":7}},"13":{"start":{"line":200,"column":6},"end":{"line":202,"column":7}},"14":{"start":{"line":201,"column":8},"end":{"line":201,"column":61}},"15":{"start":{"line":223,"column":2},"end":{"line":325,"column":4}},"16":{"start":{"line":243,"column":16},"end":{"line":243,"column":42}},"17":{"start":{"line":244,"column":16},"end":{"line":244,"column":33}},"18":{"start":{"line":284,"column":18},"end":{"line":284,"column":54}},"19":{"start":{"line":285,"column":18},"end":{"line":285,"column":35}},"20":{"start":{"line":290,"column":10},"end":{"line":296,"column":11}},"21":{"start":{"line":291,"column":11},"end":{"line":295,"column":13}},"22":{"start":{"line":307,"column":27},"end":{"line":307,"column":36}}},"fnMap":{"0":{"name":"(anonymous_0)","decl":{"start":{"line":7,"column":17},"end":{"line":7,"column":18}},"loc":{"start":{"line":7,"column":23},"end":{"line":326,"column":1}},"line":7},"1":{"name":"(anonymous_1)","decl":{"start":{"line":184,"column":12},"end":{"line":184,"column":13}},"loc":{"start":{"line":184,"column":18},"end":{"line":196,"column":3}},"line":184},"2":{"name":"(anonymous_2)","decl":{"start":{"line":190,"column":12},"end":{"line":190,"column":13}},"loc":{"start":{"line":190,"column":21},"end":{"line":192,"column":7}},"line":190},"3":{"name":"(anonymous_3)","decl":{"start":{"line":193,"column":13},"end":{"line":193,"column":14}},"loc":{"start":{"line":193,"column":22},"end":{"line":195,"column":7}},"line":193},"4":{"name":"(anonymous_4)","decl":{"start":{"line":198,"column":18},"end":{"line":198,"column":19}},"loc":{"start":{"line":198,"column":24},"end":{"line":221,"column":3}},"line":198},"5":{"name":"(anonymous_5)","decl":{"start":{"line":199,"column":33},"end":{"line":199,"column":34}},"loc":{"start":{"line":199,"column":42},"end":{"line":203,"column":5}},"line":199},"6":{"name":"(anonymous_6)","decl":{"start":{"line":242,"column":24},"end":{"line":242,"column":25}},"loc":{"start":{"line":242,"column":31},"end":{"line":245,"column":15}},"line":242},"7":{"name":"(anonymous_7)","decl":{"start":{"line":283,"column":26},"end":{"line":283,"column":27}},"loc":{"start":{"line":283,"column":33},"end":{"line":286,"column":17}},"line":283},"8":{"name":"(anonymous_8)","decl":{"start":{"line":289,"column":40},"end":{"line":289,"column":41}},"loc":{"start":{"line":289,"column":49},"end":{"line":297,"column":18}},"line":289},"9":{"name":"(anonymous_9)","decl":{"start":{"line":307,"column":21},"end":{"line":307,"column":22}},"loc":{"start":{"line":307,"column":27},"end":{"line":307,"column":36}},"line":307}},"branchMap":{"0":{"loc":{"start":{"line":200,"column":6},"end":{"line":202,"column":7}},"type":"if","locations":[{"start":{"line":200,"column":6},"end":{"line":202,"column":7}},{"start":{},"end":{}}],"line":200},"1":{"loc":{"start":{"line":290,"column":10},"end":{"line":296,"column":11}},"type":"if","locations":[{"start":{"line":290,"column":10},"end":{"line":296,"column":11}},{"start":{},"end":{}}],"line":290},"2":{"loc":{"start":{"line":313,"column":11},"end":{"line":321,"column":11}},"type":"cond-expr","locations":[{"start":{"line":314,"column":12},"end":{"line":318,"column":18}},{"start":{"line":320,"column":12},"end":{"line":320,"column":14}}],"line":313},"3":{"loc":{"start":{"line":313,"column":11},"end":{"line":313,"column":30}},"type":"binary-expr","locations":[{"start":{"line":313,"column":11},"end":{"line":313,"column":17}},{"start":{"line":313,"column":21},"end":{"line":313,"column":30}}],"line":313}},"s":{"0":2,"1":5,"2":5,"3":5,"4":5,"5":5,"6":5,"7":5,"8":3,"9":0,"10":0,"11":5,"12":1,"13":167,"14":1,"15":5,"16":1,"17":1,"18":0,"19":0,"20":0,"21":0,"22":1},"f":{"0":5,"1":3,"2":0,"3":0,"4":1,"5":167,"6":1,"7":0,"8":0,"9":1},"b":{"0":[1,166],"1":[0,0],"2":[1,4],"3":[5,2]},"_coverageSchema":"1a1c01bbd47fc00a2c39e90264f33305004495a9","hash":"6c752f21a0cdbac1c96be329b012854deb698927"}
}
