TN:
SF:src\App.js
FN:6,App
FNF:1
FNH:1
FNDA:3,App
DA:7,3
LF:1
LH:1
BRF:0
BRH:0
end_of_record
TN:
SF:src\index.js
FNF:0
FNH:0
DA:7,0
DA:8,0
DA:17,0
LF:3
LH:0
BRF:0
BRH:0
end_of_record
TN:
SF:src\reportWebVitals.js
FN:1,(anonymous_0)
FN:3,(anonymous_1)
FNF:2
FNH:0
FNDA:0,(anonymous_0)
FNDA:0,(anonymous_1)
DA:1,0
DA:2,0
DA:3,0
DA:4,0
DA:5,0
DA:6,0
DA:7,0
DA:8,0
LF:8
LH:0
BRDA:2,0,0,0
BRDA:2,0,1,0
BRDA:2,1,0,0
BRDA:2,1,1,0
BRF:4
BRH:0
end_of_record
TN:
SF:src\pages\homePage.jsx
FN:7,(anonymous_0)
FN:184,(anonymous_1)
FN:190,(anonymous_2)
FN:193,(anonymous_3)
FN:198,(anonymous_4)
FN:199,(anonymous_5)
FN:242,(anonymous_6)
FN:283,(anonymous_7)
FN:289,(anonymous_8)
FN:307,(anonymous_9)
FNF:10
FNH:6
FNDA:5,(anonymous_0)
FNDA:3,(anonymous_1)
FNDA:0,(anonymous_2)
FNDA:0,(anonymous_3)
FNDA:1,(anonymous_4)
FNDA:167,(anonymous_5)
FNDA:1,(anonymous_6)
FNDA:0,(anonymous_7)
FNDA:0,(anonymous_8)
FNDA:1,(anonymous_9)
DA:7,2
DA:8,5
DA:9,5
DA:10,5
DA:11,5
DA:12,5
DA:14,5
DA:184,5
DA:186,3
DA:191,0
DA:194,0
DA:198,5
DA:199,1
DA:200,167
DA:201,1
DA:223,5
DA:243,1
DA:244,1
DA:284,0
DA:285,0
DA:290,0
DA:291,0
DA:307,1
LF:23
LH:17
BRDA:200,0,0,1
BRDA:200,0,1,166
BRDA:290,1,0,0
BRDA:290,1,1,0
BRDA:313,2,0,1
BRDA:313,2,1,4
BRDA:313,3,0,5
BRDA:313,3,1,2
BRF:8
BRH:6
end_of_record
